..=..../\/\
...........
...........
...........
...........
...........
..@........
...........
/........./
\.........\
/........./
\.........\
..@........
........\/.

(side pos)>..=..../\/\
...........
...........
...........
...........
...........
..@........
...........
/........./
\.........\
/........./
\.........\
..@........
..1.....\/.

..=..../\/\
...........
...........
...........
...........
...........
..@........
...........
/........./
\.........\
/........./
\.........\
..@........
..1.....\/.

..=..../\/\
...........
...........
...........
...........
...........
..@........
..1........
/........./
\.........\
/........./
\.........\
..@........
..1.....\/.

..=..../\/\
...........
...........
...........
...........
...........
..@........
..1........
/........./
\.........\
/........./
\.........\
..@........
..1.....\/.

..=..../\/\
..1........
...........
...........
...........
...........
..@........
..1........
/........./
\.........\
/........./
\.........\
..@........
..1.....\/.

..=..../\/\
..1........
...........
...........
...........
...........
..@........
..1........
/........./
\.........\
/........./
\.........\
..@........
..1.....\/.

..=..../\/\
..2........
...........
...........
...........
...........
..@........
..1........
/........./
\.........\
/........./
\.........\
..@........
..1.....\/.

..=..../\/\
..2........
..1........
...........
...........
...........
..@........
..1........
/........./
\.........\
/........./
\.........\
..@........
..1.....\/.

..=..../\/\
..2........
..1........
..1........
...........
...........
..@........
..1........
/........./
\.........\
/........./
\.........\
..@........
..1.....\/.

..=..../\/\
..2........
..1........
..1........
..1........
...........
..@........
..1........
/........./
\.........\
/........./
\.........\
..@........
..1.....\/.

..=..../\/\
..2........
..1........
..1........
..1........
..1........
..@........
..1........
/........./
\.........\
/........./
\.........\
..@........
..1.....\/.

..=..../\/\
..2........
..1........
..1........
..1........
..1........
..@........
..1........
/........./
\.........\
/........./
\.........\
..@........
..1.....\/.

..=..../\/\
..2........
..1........
..1........
..1........
..1........
..@........
..1........
/........./
\.........\
/........./
\.1.......\
..@........
..1.....\/.

..=..../\/\
..2........
..1........
..1........
..1........
..1........
..@........
..1........
/........./
\.........\
/........./
\.1.......\
..@........
..1.....\/.

End of simulation.
..=..../\/\
...........
...........
...........
...........
...........
..@........
...........
/........./
\.........\
/........./
\.........\
..@........
........\/.

(side pos)>..=..../\/\
...........
...........
...........
...........
...........
..@........
...........
/........./
\.........\
/........./
\.........\
..@........
........\/1

..=..../\/\
...........
...........
...........
...........
...........
..@........
...........
/........./
\.........\
/........./
\.........\
..@.......1
........\/1

..=..../\/\
...........
...........
...........
...........
...........
..@........
...........
/........./
\.........\
/........./
\.........\
..@.......1
........\/1

..=..../\/\
...........
...........
...........
...........
...........
..@........
...........
/........./
\.........\
/........./
\........1\
..@.......1
........\/1

..=..../\/\
...........
...........
...........
...........
...........
..@........
...........
/........./
\.........\
/........./
\.......11\
..@.......1
........\/1

..=..../\/\
...........
...........
...........
...........
...........
..@........
...........
/........./
\.........\
/........./
\......111\
..@.......1
........\/1

..=..../\/\
...........
...........
...........
...........
...........
..@........
...........
/........./
\.........\
/........./
\.....1111\
..@.......1
........\/1

..=..../\/\
...........
...........
...........
...........
...........
..@........
...........
/........./
\.........\
/........./
\....11111\
..@.......1
........\/1

..=..../\/\
...........
...........
...........
...........
...........
..@........
...........
/........./
\.........\
/........./
\...111111\
..@.......1
........\/1

..=..../\/\
...........
...........
...........
...........
...........
..@........
...........
/........./
\.........\
/........./
\..1111111\
..@.......1
........\/1

..=..../\/\
...........
...........
...........
...........
...........
..@........
...........
/........./
\.........\
/........./
\.11111111\
..@.......1
........\/1

..=..../\/\
...........
...........
...........
...........
...........
..@........
...........
/........./
\.........\
/........./
\111111111\
..@.......1
........\/1

..=..../\/\
...........
...........
...........
...........
...........
..@........
...........
/........./
\.........\
/........./
\111111111\
..@.......1
........\/1

..=..../\/\
...........
...........
...........
...........
...........
..@........
...........
/........./
\.........\
/........./
\111111111\
..@.......1
........\/1

..=..../\/\
...........
...........
...........
...........
...........
..@........
...........
/........./
\.........\
/1......../
\111111111\
..@.......1
........\/1

..=..../\/\
...........
...........
...........
...........
...........
..@........
...........
/........./
\.........\
/11......./
\111111111\
..@.......1
........\/1

..=..../\/\
...........
...........
...........
...........
...........
..@........
...........
/........./
\.........\
/111....../
\111111111\
..@.......1
........\/1

..=..../\/\
...........
...........
...........
...........
...........
..@........
...........
/........./
\.........\
/1111...../
\111111111\
..@.......1
........\/1

..=..../\/\
...........
...........
...........
...........
...........
..@........
...........
/........./
\.........\
/11111..../
\111111111\
..@.......1
........\/1

..=..../\/\
...........
...........
...........
...........
...........
..@........
...........
/........./
\.........\
/111111.../
\111111111\
..@.......1
........\/1

..=..../\/\
...........
...........
...........
...........
...........
..@........
...........
/........./
\.........\
/1111111../
\111111111\
..@.......1
........\/1

..=..../\/\
...........
...........
...........
...........
...........
..@........
...........
/........./
\.........\
/11111111./
\111111111\
..@.......1
........\/1

..=..../\/\
...........
...........
...........
...........
...........
..@........
...........
/........./
\.........\
/111111111/
\111111111\
..@.......1
........\/1

..=..../\/\
...........
...........
...........
...........
...........
..@........
...........
/........./
\.........\
/111111111/
\111111111\
..@.......1
........\/1

..=..../\/\
...........
...........
...........
...........
...........
..@........
...........
/........./
\.........\
/111111111/
\111111111\
..@.......1
........\/1

..=..../\/\
...........
...........
...........
...........
...........
..@........
...........
/........./
\........1\
/111111111/
\111111111\
..@.......1
........\/1

..=..../\/\
...........
...........
...........
...........
...........
..@........
...........
/........./
\.......11\
/111111111/
\111111111\
..@.......1
........\/1

..=..../\/\
...........
...........
...........
...........
...........
..@........
...........
/........./
\......111\
/111111111/
\111111111\
..@.......1
........\/1

..=..../\/\
...........
...........
...........
...........
...........
..@........
...........
/........./
\.....1111\
/111111111/
\111111111\
..@.......1
........\/1

..=..../\/\
...........
...........
...........
...........
...........
..@........
...........
/........./
\....11111\
/111111111/
\111111111\
..@.......1
........\/1

..=..../\/\
...........
...........
...........
...........
...........
..@........
...........
/........./
\...111111\
/111111111/
\111111111\
..@.......1
........\/1

..=..../\/\
...........
...........
...........
...........
...........
..@........
...........
/........./
\..1111111\
/111111111/
\111111111\
..@.......1
........\/1

..=..../\/\
...........
...........
...........
...........
...........
..@........
...........
/........./
\.11111111\
/111111111/
\111111111\
..@.......1
........\/1

..=..../\/\
...........
...........
...........
...........
...........
..@........
...........
/........./
\111111111\
/111111111/
\111111111\
..@.......1
........\/1

..=..../\/\
...........
...........
...........
...........
...........
..@........
...........
/........./
\111111111\
/111111111/
\111111111\
..@.......1
........\/1

..=..../\/\
...........
...........
...........
...........
...........
..@........
...........
/........./
\111111111\
/111111111/
\111111111\
..@.......1
........\/1

..=..../\/\
...........
...........
...........
...........
...........
..@........
...........
/1......../
\111111111\
/111111111/
\111111111\
..@.......1
........\/1

..=..../\/\
...........
...........
...........
...........
...........
..@........
...........
/11......./
\111111111\
/111111111/
\111111111\
..@.......1
........\/1

..=..../\/\
...........
...........
...........
...........
...........
..@........
...........
/111....../
\111111111\
/111111111/
\111111111\
..@.......1
........\/1

..=..../\/\
...........
...........
...........
...........
...........
..@........
...........
/1111...../
\111111111\
/111111111/
\111111111\
..@.......1
........\/1

..=..../\/\
...........
...........
...........
...........
...........
..@........
...........
/11111..../
\111111111\
/111111111/
\111111111\
..@.......1
........\/1

..=..../\/\
...........
...........
...........
...........
...........
..@........
...........
/111111.../
\111111111\
/111111111/
\111111111\
..@.......1
........\/1

..=..../\/\
...........
...........
...........
...........
...........
..@........
...........
/1111111../
\111111111\
/111111111/
\111111111\
..@.......1
........\/1

..=..../\/\
...........
...........
...........
...........
...........
..@........
...........
/11111111./
\111111111\
/111111111/
\111111111\
..@.......1
........\/1

..=..../\/\
...........
...........
...........
...........
...........
..@........
...........
/111111111/
\111111111\
/111111111/
\111111111\
..@.......1
........\/1

..=..../\/\
...........
...........
...........
...........
...........
..@........
...........
/111111111/
\111111111\
/111111111/
\111111111\
..@.......1
........\/1

..=..../\/\
...........
...........
...........
...........
...........
..@........
..........1
/111111111/
\111111111\
/111111111/
\111111111\
..@.......1
........\/1

..=..../\/\
...........
...........
...........
...........
...........
..@.......1
..........1
/111111111/
\111111111\
/111111111/
\111111111\
..@.......1
........\/1

..=..../\/\
...........
...........
...........
...........
..........1
..@.......1
..........1
/111111111/
\111111111\
/111111111/
\111111111\
..@.......1
........\/1

..=..../\/\
...........
...........
...........
..........1
..........1
..@.......1
..........1
/111111111/
\111111111\
/111111111/
\111111111\
..@.......1
........\/1

..=..../\/\
...........
...........
..........1
..........1
..........1
..@.......1
..........1
/111111111/
\111111111\
/111111111/
\111111111\
..@.......1
........\/1

..=..../\/\
...........
..........1
..........1
..........1
..........1
..@.......1
..........1
/111111111/
\111111111\
/111111111/
\111111111\
..@.......1
........\/1

..=..../\/\
..........1
..........1
..........1
..........1
..........1
..@.......1
..........1
/111111111/
\111111111\
/111111111/
\111111111\
..@.......1
........\/1

..=..../\/\
..........1
..........1
..........1
..........1
..........1
..@.......1
..........1
/111111111/
\111111111\
/111111111/
\111111111\
..@.......1
........\/1

..=..../\/\
..........1
..........1
..........1
..........1
..........1
..@.......1
..........1
/111111111/
\111111111\
/111111111/
\111111111\
..@.......1
........\/1

..=..../\/\
.........11
..........1
..........1
..........1
..........1
..@.......1
..........1
/111111111/
\111111111\
/111111111/
\111111111\
..@.......1
........\/1

..=..../\/\
.........11
.........11
..........1
..........1
..........1
..@.......1
..........1
/111111111/
\111111111\
/111111111/
\111111111\
..@.......1
........\/1

..=..../\/\
.........11
.........11
.........11
..........1
..........1
..@.......1
..........1
/111111111/
\111111111\
/111111111/
\111111111\
..@.......1
........\/1

..=..../\/\
.........11
.........11
.........11
.........11
..........1
..@.......1
..........1
/111111111/
\111111111\
/111111111/
\111111111\
..@.......1
........\/1

..=..../\/\
.........11
.........11
.........11
.........11
.........11
..@.......1
..........1
/111111111/
\111111111\
/111111111/
\111111111\
..@.......1
........\/1

..=..../\/\
.........11
.........11
.........11
.........11
.........11
..@......11
..........1
/111111111/
\111111111\
/111111111/
\111111111\
..@.......1
........\/1

..=..../\/\
.........11
.........11
.........11
.........11
.........11
..@......11
.........11
/111111111/
\111111111\
/111111111/
\111111111\
..@.......1
........\/1

..=..../\/\
.........11
.........11
.........11
.........11
.........11
..@......11
.........11
/111111112/
\111111111\
/111111111/
\111111111\
..@.......1
........\/1

..=..../\/\
.........11
.........11
.........11
.........11
.........11
..@......11
.........11
/111111112/
\111111112\
/111111111/
\111111111\
..@.......1
........\/1

..=..../\/\
.........11
.........11
.........11
.........11
.........11
..@......11
.........11
/111111112/
\111111112\
/111111112/
\111111111\
..@.......1
........\/1

..=..../\/\
.........11
.........11
.........11
.........11
.........11
..@......11
.........11
/111111112/
\111111112\
/111111112/
\111111112\
..@.......1
........\/1

..=..../\/\
.........11
.........11
.........11
.........11
.........11
..@......11
.........11
/111111112/
\111111112\
/111111112/
\111111112\
..@......11
........\/1

..=..../\/\
.........11
.........11
.........11
.........11
.........11
..@......11
.........11
/111111112/
\111111112\
/111111112/
\111111112\
..@......11
........\/1

..=..../\/\
.........11
.........11
.........11
.........11
.........11
..@......11
.........11
/111111112/
\111111112\
/111111112/
\111111112\
..@......11
........\/1

..=..../\/\
.........11
.........11
.........11
.........11
.........11
..@......11
.........11
/111111112/
\111111112\
/111111112/
\111111112\
..@.....111
........\/1

..=..../\/\
.........11
.........11
.........11
.........11
.........11
..@......11
.........11
/111111112/
\111111112\
/111111112/
\111111122\
..@.....111
........\/1

..=..../\/\
.........11
.........11
.........11
.........11
.........11
..@......11
.........11
/111111112/
\111111112\
/111111122/
\111111122\
..@.....111
........\/1

..=..../\/\
.........11
.........11
.........11
.........11
.........11
..@......11
.........11
/111111112/
\111111122\
/111111122/
\111111122\
..@.....111
........\/1

..=..../\/\
.........11
.........11
.........11
.........11
.........11
..@......11
.........11
/111111122/
\111111122\
/111111122/
\111111122\
..@.....111
........\/1

..=..../\/\
.........11
.........11
.........11
.........11
.........11
..@......11
........111
/111111122/
\111111122\
/111111122/
\111111122\
..@.....111
........\/1

..=..../\/\
.........11
.........11
.........11
.........11
.........11
..@.....111
........111
/111111122/
\111111122\
/111111122/
\111111122\
..@.....111
........\/1

..=..../\/\
.........11
.........11
.........11
.........11
........111
..@.....111
........111
/111111122/
\111111122\
/111111122/
\111111122\
..@.....111
........\/1

..=..../\/\
.........11
.........11
.........11
........111
........111
..@.....111
........111
/111111122/
\111111122\
/111111122/
\111111122\
..@.....111
........\/1

..=..../\/\
.........11
.........11
........111
........111
........111
..@.....111
........111
/111111122/
\111111122\
/111111122/
\111111122\
..@.....111
........\/1

..=..../\/\
.........11
........111
........111
........111
........111
..@.....111
........111
/111111122/
\111111122\
/111111122/
\111111122\
..@.....111
........\/1

..=..../\/\
........111
........111
........111
........111
........111
..@.....111
........111
/111111122/
\111111122\
/111111122/
\111111122\
..@.....111
........\/1

..=..../\/\
........111
........111
........111
........111
........111
..@.....111
........111
/111111122/
\111111122\
/111111122/
\111111122\
..@.....111
........\/1

..=..../\/\
........111
........111
........111
........111
........111
..@.....111
........111
/111111122/
\111111122\
/111111122/
\111111122\
..@.....111
........\/1

..=..../\/\
.......1111
........111
........111
........111
........111
..@.....111
........111
/111111122/
\111111122\
/111111122/
\111111122\
..@.....111
........\/1

..=..../\/\
.......1111
.......1111
........111
........111
........111
..@.....111
........111
/111111122/
\111111122\
/111111122/
\111111122\
..@.....111
........\/1

..=..../\/\
.......1111
.......1111
.......1111
........111
........111
..@.....111
........111
/111111122/
\111111122\
/111111122/
\111111122\
..@.....111
........\/1

..=..../\/\
.......1111
.......1111
.......1111
.......1111
........111
..@.....111
........111
/111111122/
\111111122\
/111111122/
\111111122\
..@.....111
........\/1

..=..../\/\
.......1111
.......1111
.......1111
.......1111
.......1111
..@.....111
........111
/111111122/
\111111122\
/111111122/
\111111122\
..@.....111
........\/1

..=..../\/\
.......1111
.......1111
.......1111
.......1111
.......1111
..@....1111
........111
/111111122/
\111111122\
/111111122/
\111111122\
..@.....111
........\/1

..=..../\/\
.......1111
.......1111
.......1111
.......1111
.......1111
..@....1111
.......1111
/111111122/
\111111122\
/111111122/
\111111122\
..@.....111
........\/1

..=..../\/\
.......1111
.......1111
.......1111
.......1111
.......1111
..@....1111
.......1111
/111111222/
\111111122\
/111111122/
\111111122\
..@.....111
........\/1

..=..../\/\
.......1111
.......1111
.......1111
.......1111
.......1111
..@....1111
.......1111
/111111222/
\111111222\
/111111122/
\111111122\
..@.....111
........\/1

..=..../\/\
.......1111
.......1111
.......1111
.......1111
.......1111
..@....1111
.......1111
/111111222/
\111111222\
/111111222/
\111111122\
..@.....111
........\/1

..=..../\/\
.......1111
.......1111
.......1111
.......1111
.......1111
..@....1111
.......1111
/111111222/
\111111222\
/111111222/
\111111222\
..@.....111
........\/1

..=..../\/\
.......1111
.......1111
.......1111
.......1111
.......1111
..@....1111
.......1111
/111111222/
\111111222\
/111111222/
\111111222\
..@....1111
........\/1

..=..../\/\
.......1111
.......1111
.......1111
.......1111
.......1111
..@....1111
.......1111
/111111222/
\111111222\
/111111222/
\111111222\
..@....1111
.......1\/1

End of simulation.
..=..../\/\
...........
...........
...........
...........
...........
..@........
...........
/........./
\.........\
/........./
\.........\
..@........
........\/.

(side pos)>