..........
..........
..........
..........
.......@..
..........
..........
..........
..........
..........

(side pos)>..........
..........
..........
..........
1......@..
..........
..........
..........
..........
..........

..........
..........
..........
..........
11.....@..
..........
..........
..........
..........
..........

..........
..........
..........
..........
111....@..
..........
..........
..........
..........
..........

..........
..........
..........
..........
1111...@..
..........
..........
..........
..........
..........

End of simulation.
..........
..........
..........
..........
.......@..
..........
..........
..........
..........
..........

(side pos)>