...........
.=.........
...........
..........=

(side pos)>..........1
.=.........
...........
..........=

.........11
.=.........
...........
..........=

........111
.=.........
...........
..........=

.......1111
.=.........
...........
..........=

......11111
.=.........
...........
..........=

.....111111
.=.........
...........
..........=

....1111111
.=.........
...........
..........=

...11111111
.=.........
...........
..........=

..111111111
.=.........
...........
..........=

.1111111111
.=.........
...........
..........=

End of simulation.
...........
.=.........
...........
..........=

(side pos)>...........
.=.........
...........
.1........=

...........
.=.........
.1.........
.1........=

...........
.=.........
.1.........
.1........=

...........
.=.........
.2.........
.1........=

...........
.=.........
.2.........
.2........=

End of simulation.
...........
.=.........
...........
..........=

(side pos)>...........
.=.........
...........
1.........=

...........
.=.........
...........
11........=

...........
.=.........
...........
111.......=

...........
.=.........
...........
1111......=

...........
.=.........
...........
11111.....=

...........
.=.........
...........
111111....=

...........
.=.........
...........
1111111...=

...........
.=.........
...........
11111111..=

...........
.=.........
...........
111111111.=

...........
.=.........
...........
1111111111=

End of simulation.
...........
.=.........
...........
..........=

(side pos)>