/....
./...
.....
././.
./../

(side pos)>/....
./...
.....
././.
./../

End of simulation.
/....
./...
.....
././.
./../

(side pos)>/....
./...
.....
././.
./../

/....
./...
.....
././.
./1./

/....
./...
.....
././.
./11/

/....
./...
.....
././.
./11/

/....
./...
.....
././1
./11/

/....
./...
....1
././1
./11/

/....
./..1
....1
././1
./11/

/...1
./..1
....1
././1
./11/

End of simulation.
/....
./...
.....
././.
./../

(side pos)>/....
./...
.....
././1
./../

/....
./...
.....
././1
./../

/....
./...
.....
././1
./.1/

End of simulation.
/....
./...
.....
././.
./../

(side pos)>