...........
..A........
...........
...........
.....B.....
...........
...........
...........
.....C.....
...........
...........
...........

(side pos)>..1........
..A........
...........
...........
.....B.....
...........
...........
...........
.....C.....
...........
...........
...........

..1........
..A........
...........
...........
.....B.....
...........
...........
...........
.....C.....
...........
...........
...........

..1........
..A........
...........
...........
.....B.....
.....1.....
...........
...........
.....C.....
...........
...........
...........

..1........
..A........
...........
...........
.....B.....
.....1.....
.....1.....
...........
.....C.....
...........
...........
...........

..1........
..A........
...........
...........
.....B.....
.....1.....
.....1.....
.....1.....
.....C.....
...........
...........
...........

..1........
..A........
...........
...........
.....B.....
.....1.....
.....1.....
.....1.....
.....C.....
...........
...........
...........

..1........
..A........
..1........
...........
.....B.....
.....1.....
.....1.....
.....1.....
.....C.....
...........
...........
...........

..1........
..A........
..1........
..1........
.....B.....
.....1.....
.....1.....
.....1.....
.....C.....
...........
...........
...........

..1........
..A........
..1........
..1........
..1..B.....
.....1.....
.....1.....
.....1.....
.....C.....
...........
...........
...........

..1........
..A........
..1........
..1........
..1..B.....
..1..1.....
.....1.....
.....1.....
.....C.....
...........
...........
...........

End of simulation.
...........
..A........
...........
...........
.....B.....
...........
...........
...........
.....C.....
...........
...........
...........

(side pos)>...........
..A.......1
...........
...........
.....B.....
...........
...........
...........
.....C.....
...........
...........
...........

...........
..A......11
...........
...........
.....B.....
...........
...........
...........
.....C.....
...........
...........
...........

...........
..A.....111
...........
...........
.....B.....
...........
...........
...........
.....C.....
...........
...........
...........

...........
..A....1111
...........
...........
.....B.....
...........
...........
...........
.....C.....
...........
...........
...........

...........
..A...11111
...........
...........
.....B.....
...........
...........
...........
.....C.....
...........
...........
...........

...........
..A..111111
...........
...........
.....B.....
...........
...........
...........
.....C.....
...........
...........
...........

...........
..A.1111111
...........
...........
.....B.....
...........
...........
...........
.....C.....
...........
...........
...........

...........
..A11111111
...........
...........
.....B.....
...........
...........
...........
.....C.....
...........
...........
...........

...........
..A11111111
...........
...........
.....B.....
...........
...........
...........
.....C.....
...........
...........
...........

...........
..A11111111
...........
...........
....1B.....
...........
...........
...........
.....C.....
...........
...........
...........

End of simulation.
...........
..A........
...........
...........
.....B.....
...........
...........
...........
.....C.....
...........
...........
...........

(side pos)>...........
..A........
...........
...........
.....B.....
...........
...........
...........
.....C.....
...........
...........
.....1.....

...........
..A........
...........
...........
.....B.....
...........
...........
...........
.....C.....
...........
.....1.....
.....1.....

...........
..A........
...........
...........
.....B.....
...........
...........
...........
.....C.....
.....1.....
.....1.....
.....1.....

...........
..A........
...........
...........
.....B.....
...........
...........
...........
.....C.....
.....1.....
.....1.....
.....1.....

..1........
..A........
...........
...........
.....B.....
...........
...........
...........
.....C.....
.....1.....
.....1.....
.....1.....

End of simulation.
...........
..A........
...........
...........
.....B.....
...........
...........
...........
.....C.....
...........
...........
...........

(side pos)>