...........
...........
..C...D....
...........
...........
...........
...........
..B...A....
...........
...........
...........
...........

(side pos)>...........
...........
1.C...D....
...........
...........
...........
...........
..B...A....
...........
...........
...........
...........

...........
...........
11C...D....
...........
...........
...........
...........
..B...A....
...........
...........
...........
...........

...........
...........
11C...D....
...........
...........
...........
...........
..B...A....
...........
...........
...........
...........

...........
...........
11C...D1...
...........
...........
...........
...........
..B...A....
...........
...........
...........
...........

...........
...........
11C...D11..
...........
...........
...........
...........
..B...A....
...........
...........
...........
...........

...........
...........
11C...D111.
...........
...........
...........
...........
..B...A....
...........
...........
...........
...........

...........
...........
11C...D1111
...........
...........
...........
...........
..B...A....
...........
...........
...........
...........

End of simulation.
...........
...........
..C...D....
...........
...........
...........
...........
..B...A....
...........
...........
...........
...........

(side pos)>...........
...........
..C...D....
...........
...........
...........
...........
1.B...A....
...........
...........
...........
...........

...........
...........
..C...D....
...........
...........
...........
...........
11B...A....
...........
...........
...........
...........

...........
...........
..C...D....
...........
...........
...........
...........
11B...A....
...........
...........
...........
...........

...........
...........
..C1..D....
...........
...........
...........
...........
11B...A....
...........
...........
...........
...........

...........
...........
..C11.D....
...........
...........
...........
...........
11B...A....
...........
...........
...........
...........

...........
...........
..C111D....
...........
...........
...........
...........
11B...A....
...........
...........
...........
...........

...........
...........
..C111D....
...........
...........
...........
...........
11B...A....
...........
...........
...........
...........

...........
...........
..C111D....
...........
...........
...........
...........
11B...A1...
...........
...........
...........
...........

...........
...........
..C111D....
...........
...........
...........
...........
11B...A11..
...........
...........
...........
...........

...........
...........
..C111D....
...........
...........
...........
...........
11B...A111.
...........
...........
...........
...........

End of simulation.
...........
...........
..C...D....
...........
...........
...........
...........
..B...A....
...........
...........
...........
...........

(side pos)>...........
...........
..C...D....
...........
...........
...........
...........
..B...A....
...........
...........
...........
......1....

...........
...........
..C...D....
...........
...........
...........
...........
..B...A....
...........
...........
......1....
......1....

...........
...........
..C...D....
...........
...........
...........
...........
..B...A....
...........
......1....
......1....
......1....

...........
...........
..C...D....
...........
...........
...........
...........
..B...A....
......1....
......1....
......1....
......1....

...........
...........
..C...D....
...........
...........
...........
...........
..B...A....
......1....
......1....
......1....
......1....

...........
...........
..C...D....
...........
...........
...........
..1........
..B...A....
......1....
......1....
......1....
......1....

...........
...........
..C...D....
...........
...........
..1........
..1........
..B...A....
......1....
......1....
......1....
......1....

...........
...........
..C...D....
...........
..1........
..1........
..1........
..B...A....
......1....
......1....
......1....
......1....

...........
...........
..C...D....
..1........
..1........
..1........
..1........
..B...A....
......1....
......1....
......1....
......1....

...........
...........
..C...D....
..1........
..1........
..1........
..1........
..B...A....
......1....
......1....
......1....
......1....

End of simulation.
...........
...........
..C...D....
...........
...........
...........
...........
..B...A....
...........
...........
...........
...........

(side pos)>...........
...........
..C...D....
...........
...........
...........
...........
..B...A...1
...........
...........
...........
...........

...........
...........
..C...D....
...........
...........
...........
...........
..B...A..11
...........
...........
...........
...........

...........
...........
..C...D....
...........
...........
...........
...........
..B...A.111
...........
...........
...........
...........

...........
...........
..C...D....
...........
...........
...........
...........
..B...A1111
...........
...........
...........
...........

...........
...........
..C...D....
...........
...........
...........
...........
..B...A1111
...........
...........
...........
...........

...........
...........
..C...D....
...........
...........
...........
...........
.1B...A1111
...........
...........
...........
...........

...........
...........
..C...D....
...........
...........
...........
...........
11B...A1111
...........
...........
...........
...........

End of simulation.
...........
...........
..C...D....
...........
...........
...........
...........
..B...A....
...........
...........
...........
...........

(side pos)>